This is pdfTeX, Version 3.14159265-2.6-1.40.15 (TeX Live 2015/dev/Debian) (preloaded format=pdflatex 2017.2.18)  27 FEB 2017 19:42
entering extended mode
 restricted \write18 enabled.
 %&-line parsing enabled.
**main.tex
(./main.tex
LaTeX2e <2014/05/01>
Babel <3.9l> and hyphenation patterns for 79 languages loaded.
(/usr/share/texlive/texmf-dist/tex/latex/base/report.cls
Document Class: report 2014/09/29 v1.4h Standard LaTeX document class
(/usr/share/texlive/texmf-dist/tex/latex/base/size12.clo
File: size12.clo 2014/09/29 v1.4h Standard LaTeX file (size option)
)
\c@part=\count79
\c@chapter=\count80
\c@section=\count81
\c@subsection=\count82
\c@subsubsection=\count83
\c@paragraph=\count84
\c@subparagraph=\count85
\c@figure=\count86
\c@table=\count87
\abovecaptionskip=\skip41
\belowcaptionskip=\skip42
\bibindent=\dimen102
)
(/usr/share/texlive/texmf-dist/tex/latex/base/inputenc.sty
Package: inputenc 2014/04/30 v1.2b Input encoding file
\inpenc@prehook=\toks14
\inpenc@posthook=\toks15

(/usr/share/texlive/texmf-dist/tex/latex/base/utf8.def
File: utf8.def 2014/09/29 v1.1m UTF-8 support for inputenc
Now handling font encoding OML ...
... no UTF-8 mapping file for font encoding OML
Now handling font encoding T1 ...
... processing UTF-8 mapping file for font encoding T1

(/usr/share/texlive/texmf-dist/tex/latex/base/t1enc.dfu
File: t1enc.dfu 2014/09/29 v1.1m UTF-8 support for inputenc
   defining Unicode char U+00A1 (decimal 161)
   defining Unicode char U+00A3 (decimal 163)
   defining Unicode char U+00AB (decimal 171)
   defining Unicode char U+00BB (decimal 187)
   defining Unicode char U+00BF (decimal 191)
   defining Unicode char U+00C0 (decimal 192)
   defining Unicode char U+00C1 (decimal 193)
   defining Unicode char U+00C2 (decimal 194)
   defining Unicode char U+00C3 (decimal 195)
   defining Unicode char U+00C4 (decimal 196)
   defining Unicode char U+00C5 (decimal 197)
   defining Unicode char U+00C6 (decimal 198)
   defining Unicode char U+00C7 (decimal 199)
   defining Unicode char U+00C8 (decimal 200)
   defining Unicode char U+00C9 (decimal 201)
   defining Unicode char U+00CA (decimal 202)
   defining Unicode char U+00CB (decimal 203)
   defining Unicode char U+00CC (decimal 204)
   defining Unicode char U+00CD (decimal 205)
   defining Unicode char U+00CE (decimal 206)
   defining Unicode char U+00CF (decimal 207)
   defining Unicode char U+00D0 (decimal 208)
   defining Unicode char U+00D1 (decimal 209)
   defining Unicode char U+00D2 (decimal 210)
   defining Unicode char U+00D3 (decimal 211)
   defining Unicode char U+00D4 (decimal 212)
   defining Unicode char U+00D5 (decimal 213)
   defining Unicode char U+00D6 (decimal 214)
   defining Unicode char U+00D8 (decimal 216)
   defining Unicode char U+00D9 (decimal 217)
   defining Unicode char U+00DA (decimal 218)
   defining Unicode char U+00DB (decimal 219)
   defining Unicode char U+00DC (decimal 220)
   defining Unicode char U+00DD (decimal 221)
   defining Unicode char U+00DE (decimal 222)
   defining Unicode char U+00DF (decimal 223)
   defining Unicode char U+00E0 (decimal 224)
   defining Unicode char U+00E1 (decimal 225)
   defining Unicode char U+00E2 (decimal 226)
   defining Unicode char U+00E3 (decimal 227)
   defining Unicode char U+00E4 (decimal 228)
   defining Unicode char U+00E5 (decimal 229)
   defining Unicode char U+00E6 (decimal 230)
   defining Unicode char U+00E7 (decimal 231)
   defining Unicode char U+00E8 (decimal 232)
   defining Unicode char U+00E9 (decimal 233)
   defining Unicode char U+00EA (decimal 234)
   defining Unicode char U+00EB (decimal 235)
   defining Unicode char U+00EC (decimal 236)
   defining Unicode char U+00ED (decimal 237)
   defining Unicode char U+00EE (decimal 238)
   defining Unicode char U+00EF (decimal 239)
   defining Unicode char U+00F0 (decimal 240)
   defining Unicode char U+00F1 (decimal 241)
   defining Unicode char U+00F2 (decimal 242)
   defining Unicode char U+00F3 (decimal 243)
   defining Unicode char U+00F4 (decimal 244)
   defining Unicode char U+00F5 (decimal 245)
   defining Unicode char U+00F6 (decimal 246)
   defining Unicode char U+00F8 (decimal 248)
   defining Unicode char U+00F9 (decimal 249)
   defining Unicode char U+00FA (decimal 250)
   defining Unicode char U+00FB (decimal 251)
   defining Unicode char U+00FC (decimal 252)
   defining Unicode char U+00FD (decimal 253)
   defining Unicode char U+00FE (decimal 254)
   defining Unicode char U+00FF (decimal 255)
   defining Unicode char U+0102 (decimal 258)
   defining Unicode char U+0103 (decimal 259)
   defining Unicode char U+0104 (decimal 260)
   defining Unicode char U+0105 (decimal 261)
   defining Unicode char U+0106 (decimal 262)
   defining Unicode char U+0107 (decimal 263)
   defining Unicode char U+010C (decimal 268)
   defining Unicode char U+010D (decimal 269)
   defining Unicode char U+010E (decimal 270)
   defining Unicode char U+010F (decimal 271)
   defining Unicode char U+0110 (decimal 272)
   defining Unicode char U+0111 (decimal 273)
   defining Unicode char U+0118 (decimal 280)
   defining Unicode char U+0119 (decimal 281)
   defining Unicode char U+011A (decimal 282)
   defining Unicode char U+011B (decimal 283)
   defining Unicode char U+011E (decimal 286)
   defining Unicode char U+011F (decimal 287)
   defining Unicode char U+0130 (decimal 304)
   defining Unicode char U+0131 (decimal 305)
   defining Unicode char U+0132 (decimal 306)
   defining Unicode char U+0133 (decimal 307)
   defining Unicode char U+0139 (decimal 313)
   defining Unicode char U+013A (decimal 314)
   defining Unicode char U+013D (decimal 317)
   defining Unicode char U+013E (decimal 318)
   defining Unicode char U+0141 (decimal 321)
   defining Unicode char U+0142 (decimal 322)
   defining Unicode char U+0143 (decimal 323)
   defining Unicode char U+0144 (decimal 324)
   defining Unicode char U+0147 (decimal 327)
   defining Unicode char U+0148 (decimal 328)
   defining Unicode char U+014A (decimal 330)
   defining Unicode char U+014B (decimal 331)
   defining Unicode char U+0150 (decimal 336)
   defining Unicode char U+0151 (decimal 337)
   defining Unicode char U+0152 (decimal 338)
   defining Unicode char U+0153 (decimal 339)
   defining Unicode char U+0154 (decimal 340)
   defining Unicode char U+0155 (decimal 341)
   defining Unicode char U+0158 (decimal 344)
   defining Unicode char U+0159 (decimal 345)
   defining Unicode char U+015A (decimal 346)
   defining Unicode char U+015B (decimal 347)
   defining Unicode char U+015E (decimal 350)
   defining Unicode char U+015F (decimal 351)
   defining Unicode char U+0160 (decimal 352)
   defining Unicode char U+0161 (decimal 353)
   defining Unicode char U+0162 (decimal 354)
   defining Unicode char U+0163 (decimal 355)
   defining Unicode char U+0164 (decimal 356)
   defining Unicode char U+0165 (decimal 357)
   defining Unicode char U+016E (decimal 366)
   defining Unicode char U+016F (decimal 367)
   defining Unicode char U+0170 (decimal 368)
   defining Unicode char U+0171 (decimal 369)
   defining Unicode char U+0178 (decimal 376)
   defining Unicode char U+0179 (decimal 377)
   defining Unicode char U+017A (decimal 378)
   defining Unicode char U+017B (decimal 379)
   defining Unicode char U+017C (decimal 380)
   defining Unicode char U+017D (decimal 381)
   defining Unicode char U+017E (decimal 382)
   defining Unicode char U+200C (decimal 8204)
   defining Unicode char U+2013 (decimal 8211)
   defining Unicode char U+2014 (decimal 8212)
   defining Unicode char U+2018 (decimal 8216)
   defining Unicode char U+2019 (decimal 8217)
   defining Unicode char U+201A (decimal 8218)
   defining Unicode char U+201C (decimal 8220)
   defining Unicode char U+201D (decimal 8221)
   defining Unicode char U+201E (decimal 8222)
   defining Unicode char U+2030 (decimal 8240)
   defining Unicode char U+2031 (decimal 8241)
   defining Unicode char U+2039 (decimal 8249)
   defining Unicode char U+203A (decimal 8250)
   defining Unicode char U+2423 (decimal 9251)
)
Now handling font encoding OT1 ...
... processing UTF-8 mapping file for font encoding OT1

(/usr/share/texlive/texmf-dist/tex/latex/base/ot1enc.dfu
File: ot1enc.dfu 2014/09/29 v1.1m UTF-8 support for inputenc
   defining Unicode char U+00A1 (decimal 161)
   defining Unicode char U+00A3 (decimal 163)
   defining Unicode char U+00B8 (decimal 184)
   defining Unicode char U+00BF (decimal 191)
   defining Unicode char U+00C5 (decimal 197)
   defining Unicode char U+00C6 (decimal 198)
   defining Unicode char U+00D8 (decimal 216)
   defining Unicode char U+00DF (decimal 223)
   defining Unicode char U+00E6 (decimal 230)
   defining Unicode char U+00EC (decimal 236)
   defining Unicode char U+00ED (decimal 237)
   defining Unicode char U+00EE (decimal 238)
   defining Unicode char U+00EF (decimal 239)
   defining Unicode char U+00F8 (decimal 248)
   defining Unicode char U+0131 (decimal 305)
   defining Unicode char U+0141 (decimal 321)
   defining Unicode char U+0142 (decimal 322)
   defining Unicode char U+0152 (decimal 338)
   defining Unicode char U+0153 (decimal 339)
   defining Unicode char U+2013 (decimal 8211)
   defining Unicode char U+2014 (decimal 8212)
   defining Unicode char U+2018 (decimal 8216)
   defining Unicode char U+2019 (decimal 8217)
   defining Unicode char U+201C (decimal 8220)
   defining Unicode char U+201D (decimal 8221)
)
Now handling font encoding OMS ...
... processing UTF-8 mapping file for font encoding OMS

(/usr/share/texlive/texmf-dist/tex/latex/base/omsenc.dfu
File: omsenc.dfu 2014/09/29 v1.1m UTF-8 support for inputenc
   defining Unicode char U+00A7 (decimal 167)
   defining Unicode char U+00B6 (decimal 182)
   defining Unicode char U+00B7 (decimal 183)
   defining Unicode char U+2020 (decimal 8224)
   defining Unicode char U+2021 (decimal 8225)
   defining Unicode char U+2022 (decimal 8226)
)
Now handling font encoding OMX ...
... no UTF-8 mapping file for font encoding OMX
Now handling font encoding U ...
... no UTF-8 mapping file for font encoding U
   defining Unicode char U+00A9 (decimal 169)
   defining Unicode char U+00AA (decimal 170)
   defining Unicode char U+00AE (decimal 174)
   defining Unicode char U+00BA (decimal 186)
   defining Unicode char U+02C6 (decimal 710)
   defining Unicode char U+02DC (decimal 732)
   defining Unicode char U+200C (decimal 8204)
   defining Unicode char U+2026 (decimal 8230)
   defining Unicode char U+2122 (decimal 8482)
   defining Unicode char U+2423 (decimal 9251)
))
(/usr/share/texlive/texmf-dist/tex/generic/babel/babel.sty
Package: babel 2014/09/25 3.9l The Babel package

(/usr/share/texlive/texmf-dist/tex/generic/babel-slovak/slovak.ldf
Language: slovak 2008/07/06 v3.1a Slovak support from the babel system

(/usr/share/texlive/texmf-dist/tex/generic/babel/babel.def
File: babel.def 2014/09/25 3.9l Babel common definitions
\babel@savecnt=\count88
\U@D=\dimen103
)
Package babel Info: Making ^ an active character on input line 123.
Package babel Info: Making " an active character on input line 126.
Package babel Info: Making ' an active character on input line 129.
\cs@wordlen=\count89
Package babel Info: Making - an active character on input line 294.
))
(/usr/share/texlive/texmf-dist/tex/latex/dirtytalk/dirtytalk.sty
Package: dirtytalk 2010/11/21 A package making "quoting" easier

(/usr/share/texlive/texmf-dist/tex/latex/oberdiek/kvoptions.sty
Package: kvoptions 2011/06/30 v3.11 Key value format for package options (HO)

(/usr/share/texlive/texmf-dist/tex/latex/graphics/keyval.sty
Package: keyval 2014/05/08 v1.15 key=value parser (DPC)
\KV@toks@=\toks16
)
(/usr/share/texlive/texmf-dist/tex/generic/oberdiek/ltxcmds.sty
Package: ltxcmds 2011/11/09 v1.22 LaTeX kernel commands for general use (HO)
)
(/usr/share/texlive/texmf-dist/tex/generic/oberdiek/kvsetkeys.sty
Package: kvsetkeys 2012/04/25 v1.16 Key value parser (HO)

(/usr/share/texlive/texmf-dist/tex/generic/oberdiek/infwarerr.sty
Package: infwarerr 2010/04/08 v1.3 Providing info/warning/error messages (HO)
)
(/usr/share/texlive/texmf-dist/tex/generic/oberdiek/etexcmds.sty
Package: etexcmds 2011/02/16 v1.5 Avoid name clashes with e-TeX commands (HO)

(/usr/share/texlive/texmf-dist/tex/generic/oberdiek/ifluatex.sty
Package: ifluatex 2010/03/01 v1.3 Provides the ifluatex switch (HO)
Package ifluatex Info: LuaTeX not detected.
)
Package etexcmds Info: Could not find \expanded.
(etexcmds)             That can mean that you are not using pdfTeX 1.50 or
(etexcmds)             that some package has redefined \expanded.
(etexcmds)             In the latter case, load this package earlier.
)))
(/usr/share/texlive/texmf-dist/tex/latex/base/ifthen.sty
Package: ifthen 2014/09/29 v1.1c Standard LaTeX ifthen package (DPC)
)
\c@dirtytalk@qdepth=\count90
)
(/usr/share/texlive/texmf-dist/tex/latex/graphics/graphicx.sty
Package: graphicx 2014/04/25 v1.0g Enhanced LaTeX Graphics (DPC,SPQR)

(/usr/share/texlive/texmf-dist/tex/latex/graphics/graphics.sty
Package: graphics 2009/02/05 v1.0o Standard LaTeX Graphics (DPC,SPQR)

(/usr/share/texlive/texmf-dist/tex/latex/graphics/trig.sty
Package: trig 1999/03/16 v1.09 sin cos tan (DPC)
)
(/usr/share/texlive/texmf-dist/tex/latex/latexconfig/graphics.cfg
File: graphics.cfg 2010/04/23 v1.9 graphics configuration of TeX Live
)
Package graphics Info: Driver file: pdftex.def on input line 91.

(/usr/share/texlive/texmf-dist/tex/latex/pdftex-def/pdftex.def
File: pdftex.def 2011/05/27 v0.06d Graphics/color for pdfTeX
\Gread@gobject=\count91
))
\Gin@req@height=\dimen104
\Gin@req@width=\dimen105
)
(/usr/share/texlive/texmf-dist/tex/latex/placeins/placeins.sty
Package: placeins 2005/04/18  v 2.2
)
(/usr/share/texlive/texmf-dist/tex/latex/chngcntr/chngcntr.sty
Package: chngcntr 2009/09/02 v1.0a change counter resetting
)
(/usr/share/texlive/texmf-dist/tex/latex/caption/caption.sty
Package: caption 2013/05/02 v3.3-89 Customizing captions (AR)

(/usr/share/texlive/texmf-dist/tex/latex/caption/caption3.sty
Package: caption3 2013/05/02 v1.6-88 caption3 kernel (AR)
Package caption3 Info: TeX engine: e-TeX on input line 57.
\captionmargin=\dimen106
\captionmargin@=\dimen107
\captionwidth=\dimen108
\caption@tempdima=\dimen109
\caption@indent=\dimen110
\caption@parindent=\dimen111
\caption@hangindent=\dimen112
)
\c@ContinuedFloat=\count92
)
(/usr/share/texlive/texmf-dist/tex/latex/caption/subcaption.sty
Package: subcaption 2013/02/03 v1.1-62 Sub-captions (AR)
\c@subfigure=\count93
\c@subtable=\count94
)
(/usr/share/texlive/texmf-dist/tex/latex/geometry/geometry.sty
Package: geometry 2010/09/12 v5.6 Page Geometry

(/usr/share/texlive/texmf-dist/tex/generic/oberdiek/ifpdf.sty
Package: ifpdf 2011/01/30 v2.3 Provides the ifpdf switch (HO)
Package ifpdf Info: pdfTeX in PDF mode is detected.
)
(/usr/share/texlive/texmf-dist/tex/generic/oberdiek/ifvtex.sty
Package: ifvtex 2010/03/01 v1.5 Detect VTeX and its facilities (HO)
Package ifvtex Info: VTeX not detected.
)
(/usr/share/texlive/texmf-dist/tex/generic/ifxetex/ifxetex.sty
Package: ifxetex 2010/09/12 v0.6 Provides ifxetex conditional
)
\Gm@cnth=\count95
\Gm@cntv=\count96
\c@Gm@tempcnt=\count97
\Gm@bindingoffset=\dimen113
\Gm@wd@mp=\dimen114
\Gm@odd@mp=\dimen115
\Gm@even@mp=\dimen116
\Gm@layoutwidth=\dimen117
\Gm@layoutheight=\dimen118
\Gm@layouthoffset=\dimen119
\Gm@layoutvoffset=\dimen120
\Gm@dimlist=\toks17
)
(/usr/share/texlive/texmf-dist/tex/latex/fancyhdr/fancyhdr.sty
\fancy@headwidth=\skip43
\f@ncyO@elh=\skip44
\f@ncyO@erh=\skip45
\f@ncyO@olh=\skip46
\f@ncyO@orh=\skip47
\f@ncyO@elf=\skip48
\f@ncyO@erf=\skip49
\f@ncyO@olf=\skip50
\f@ncyO@orf=\skip51
)
(/usr/share/texlive/texmf-dist/tex/latex/biblatex/biblatex.sty
Package: biblatex 2014/06/25 v2.9a programmable bibliographies (PK/JW/AB)


Package biblatex Warning: No "backend" specified, using Biber backend.
(biblatex)                To use BibTeX, load biblatex with 
(biblatex)                the "backend=bibtex" option.

(/usr/share/texlive/texmf-dist/tex/latex/biblatex/biblatex2.sty
Package: biblatex2 2014/06/25 v2.9a programmable bibliographies (biber) (PK/JW/
AB)

(/usr/share/texlive/texmf-dist/tex/latex/etoolbox/etoolbox.sty
Package: etoolbox 2011/01/03 v2.1 e-TeX tools for LaTeX

(/usr/share/texlive/texmf-dist/tex/latex/etex-pkg/etex.sty
Package: etex 1998/03/26 v2.0 eTeX basic definition package (PEB)
\et@xins=\count98
)
\etb@tempcnta=\count99
)
(/usr/share/texlive/texmf-dist/tex/latex/logreq/logreq.sty
Package: logreq 2010/08/04 v1.0 xml request logger
\lrq@indent=\count100

(/usr/share/texlive/texmf-dist/tex/latex/logreq/logreq.def
File: logreq.def 2010/08/04 v1.0 logreq spec v1.0
))
(/usr/share/texlive/texmf-dist/tex/latex/url/url.sty
\Urlmuskip=\muskip10
Package: url 2013/09/16  ver 3.4  Verb mode for urls, etc.
)
\c@tabx@nest=\count101
\c@listtotal=\count102
\c@listcount=\count103
\c@liststart=\count104
\c@liststop=\count105
\c@citecount=\count106
\c@citetotal=\count107
\c@multicitecount=\count108
\c@multicitetotal=\count109
\c@instcount=\count110
\c@maxnames=\count111
\c@minnames=\count112
\c@maxitems=\count113
\c@minitems=\count114
\c@citecounter=\count115
\c@savedcitecounter=\count116
\c@uniquelist=\count117
\c@uniquename=\count118
\c@refsection=\count119
\c@refsegment=\count120
\c@maxextratitle=\count121
\c@maxextratitleyear=\count122
\c@maxextrayear=\count123
\c@maxextraalpha=\count124
\c@abbrvpenalty=\count125
\c@highnamepenalty=\count126
\c@lownamepenalty=\count127
\c@maxparens=\count128
\c@parenlevel=\count129
\blx@tempcnta=\count130
\blx@tempcntb=\count131
\blx@tempcntc=\count132
\blx@maxsection=\count133
\blx@maxsegment@0=\count134
\blx@notetype=\count135
\blx@parenlevel@text=\count136
\blx@parenlevel@foot=\count137
\blx@sectionciteorder@0=\count138
\labelnumberwidth=\skip52
\labelalphawidth=\skip53
\biblabelsep=\skip54
\bibitemsep=\skip55
\bibnamesep=\skip56
\bibinitsep=\skip57
\bibparsep=\skip58
\bibhang=\skip59
\blx@bcfin=\read1
\blx@bcfout=\write3
\c@mincomprange=\count139
\c@maxcomprange=\count140
\c@mincompwidth=\count141
Package biblatex Info: Trying to load biblatex default data model...
Package biblatex Info: ... file 'blx-dm.def' found.

(/usr/share/texlive/texmf-dist/tex/latex/biblatex/blx-dm.def)
Package biblatex Info: Trying to load biblatex style data model...
Package biblatex Info: ... file 'authoryear.dbx' not found.
Package biblatex Info: Trying to load biblatex custom data model...
Package biblatex Info: ... file 'biblatex-dm.cfg' not found.
\c@afterword=\count142
\c@savedafterword=\count143
\c@annotator=\count144
\c@savedannotator=\count145
\c@author=\count146
\c@savedauthor=\count147
\c@bookauthor=\count148
\c@savedbookauthor=\count149
\c@commentator=\count150
\c@savedcommentator=\count151
\c@editor=\count152
\c@savededitor=\count153
\c@editora=\count154
\c@savededitora=\count155
\c@editorb=\count156
\c@savededitorb=\count157
\c@editorc=\count158
\c@savededitorc=\count159
\c@foreword=\count160
\c@savedforeword=\count161
\c@holder=\count162
\c@savedholder=\count163
\c@introduction=\count164
\c@savedintroduction=\count165
\c@namea=\count166
\c@savednamea=\count167
\c@nameb=\count168
\c@savednameb=\count169
\c@namec=\count170
\c@savednamec=\count171
\c@translator=\count172
\c@savedtranslator=\count173
\c@shortauthor=\count174
\c@savedshortauthor=\count175
\c@shorteditor=\count176
\c@savedshorteditor=\count177
\c@labelname=\count178
\c@savedlabelname=\count179
\c@institution=\count180
\c@savedinstitution=\count181
\c@lista=\count182
\c@savedlista=\count183
\c@listb=\count184
\c@savedlistb=\count185
\c@listc=\count186
\c@savedlistc=\count187
\c@listd=\count188
\c@savedlistd=\count189
\c@liste=\count190
\c@savedliste=\count191
\c@listf=\count192
\c@savedlistf=\count193
\c@location=\count194
\c@savedlocation=\count195
\c@organization=\count196
\c@savedorganization=\count197
\c@origlocation=\count198
\c@savedoriglocation=\count199
\c@origpublisher=\count200
\c@savedorigpublisher=\count201
\c@publisher=\count202
\c@savedpublisher=\count203
\c@language=\count204
\c@savedlanguage=\count205
\c@pageref=\count206
\c@savedpageref=\count207
\shorthandwidth=\skip60
\shortjournalwidth=\skip61
\shortserieswidth=\skip62
\shorttitlewidth=\skip63
\shortauthorwidth=\skip64
\shorteditorwidth=\skip65
Package biblatex Info: Trying to load compatibility code...
Package biblatex Info: ... file 'blx-compat.def' found.

(/usr/share/texlive/texmf-dist/tex/latex/biblatex/blx-compat.def
File: blx-compat.def 2014/06/25 v2.9a biblatex compatibility (PK/JW/AB)
)
Package biblatex Info: Trying to load generic definitions...
Package biblatex Info: ... file 'biblatex.def' found.

(/usr/share/texlive/texmf-dist/tex/latex/biblatex/biblatex.def
File: biblatex.def 
\c@textcitecount=\count208
\c@textcitetotal=\count209
\c@textcitemaxnames=\count210
\c@biburlnumpenalty=\count211
\c@biburlucpenalty=\count212
\c@biburllcpenalty=\count213
\c@smartand=\count214
)
Package biblatex Info: Trying to load bibliography style 'authoryear'...
Package biblatex Info: ... file 'authoryear.bbx' found.

(/usr/share/texlive/texmf-dist/tex/latex/biblatex/bbx/authoryear.bbx
File: authoryear.bbx 2014/06/25 v2.9a biblatex bibliography style (PK/JW/AB)
Package biblatex Info: Trying to load bibliography style 'standard'...
Package biblatex Info: ... file 'standard.bbx' found.

(/usr/share/texlive/texmf-dist/tex/latex/biblatex/bbx/standard.bbx
File: standard.bbx 2014/06/25 v2.9a biblatex bibliography style (PK/JW/AB)
\c@bbx:relatedcount=\count215
\c@bbx:relatedtotal=\count216
))
Package biblatex Info: Trying to load citation style 'authoryear'...
Package biblatex Info: ... file 'authoryear.cbx' found.

(/usr/share/texlive/texmf-dist/tex/latex/biblatex/cbx/authoryear.cbx
File: authoryear.cbx 2014/06/25 v2.9a biblatex citation style (PK/JW/AB)
Package biblatex Info: Redefining '\cite'.
Package biblatex Info: Redefining '\parencite'.
Package biblatex Info: Redefining '\footcite'.
Package biblatex Info: Redefining '\footcitetext'.
Package biblatex Info: Redefining '\smartcite'.
Package biblatex Info: Redefining '\textcite'.
Package biblatex Info: Redefining '\textcites'.
)
Package biblatex Info: Trying to load configuration file...
Package biblatex Info: ... file 'biblatex.cfg' found.

(/usr/share/texlive/texmf-dist/tex/latex/biblatex/biblatex.cfg
File: biblatex.cfg 
)))
Package biblatex Info: Trying to load language 'slovak'...
Package biblatex Info: ... file 'slovak.lbx' not found.


Package biblatex Warning: Language 'slovak' not supported.
(biblatex)                Using fallback language 'english' on input line 49.

Package biblatex Info: Trying to load language 'english'...
Package biblatex Info: ... file 'english.lbx' found.
(/usr/share/texlive/texmf-dist/tex/latex/biblatex/lbx/english.lbx
File: english.lbx 2014/06/25 v2.9a biblatex localization (PK/JW/AB)
)

Package biblatex Warning: 'babel/polyglossia' detected but 'csquotes' missing.
(biblatex)                Loading 'csquotes' recommended.

\@quotelevel=\count217
\@quotereset=\count218
(./main.aux

LaTeX Warning: Label `fig:x win_web' multiply defined.


LaTeX Warning: Label `fig:x win_web' multiply defined.

)
\openout1 = `main.aux'.

LaTeX Font Info:    Checking defaults for OML/cmm/m/it on input line 49.
LaTeX Font Info:    ... okay on input line 49.
LaTeX Font Info:    Checking defaults for T1/cmr/m/n on input line 49.
LaTeX Font Info:    ... okay on input line 49.
LaTeX Font Info:    Checking defaults for OT1/cmr/m/n on input line 49.
LaTeX Font Info:    ... okay on input line 49.
LaTeX Font Info:    Checking defaults for OMS/cmsy/m/n on input line 49.
LaTeX Font Info:    ... okay on input line 49.
LaTeX Font Info:    Checking defaults for OMX/cmex/m/n on input line 49.
LaTeX Font Info:    ... okay on input line 49.
LaTeX Font Info:    Checking defaults for U/cmr/m/n on input line 49.
LaTeX Font Info:    ... okay on input line 49.
 (/usr/share/texlive/texmf-dist/tex/context/base/supp-pdf.mkii
[Loading MPS to PDF converter (version 2006.09.02).]
\scratchcounter=\count219
\scratchdimen=\dimen121
\scratchbox=\box26
\nofMPsegments=\count220
\nofMParguments=\count221
\everyMPshowfont=\toks18
\MPscratchCnt=\count222
\MPscratchDim=\dimen122
\MPnumerator=\count223
\makeMPintoPDFobject=\count224
\everyMPtoPDFconversion=\toks19
) (/usr/share/texlive/texmf-dist/tex/generic/oberdiek/pdftexcmds.sty
Package: pdftexcmds 2011/11/29 v0.20 Utility functions of pdfTeX for LuaTeX (HO
)
Package pdftexcmds Info: LuaTeX not detected.
Package pdftexcmds Info: \pdf@primitive is available.
Package pdftexcmds Info: \pdf@ifprimitive is available.
Package pdftexcmds Info: \pdfdraftmode found.
)
(/usr/share/texlive/texmf-dist/tex/latex/oberdiek/epstopdf-base.sty
Package: epstopdf-base 2010/02/09 v2.5 Base part for package epstopdf

(/usr/share/texlive/texmf-dist/tex/latex/oberdiek/grfext.sty
Package: grfext 2010/08/19 v1.1 Manage graphics extensions (HO)

(/usr/share/texlive/texmf-dist/tex/generic/oberdiek/kvdefinekeys.sty
Package: kvdefinekeys 2011/04/07 v1.3 Define keys (HO)
))
Package grfext Info: Graphics extension search list:
(grfext)             [.png,.pdf,.jpg,.mps,.jpeg,.jbig2,.jb2,.PNG,.PDF,.JPG,.JPE
G,.JBIG2,.JB2,.eps]
(grfext)             \AppendGraphicsExtensions on input line 452.

(/usr/share/texlive/texmf-dist/tex/latex/latexconfig/epstopdf-sys.cfg
File: epstopdf-sys.cfg 2010/07/13 v1.3 Configuration of (r)epstopdf for TeX Liv
e
))
Package caption Info: Begin \AtBeginDocument code.
Package caption Info: End \AtBeginDocument code.

*geometry* driver: auto-detecting
*geometry* detected driver: pdftex
*geometry* verbose mode - [ preamble ] result:
* driver: pdftex
* paper: a4paper
* layout: <same size as paper>
* layoutoffset:(h,v)=(0.0pt,0.0pt)
* bindingoffset: 17.07164pt
* modes: twoside 
* h-part:(L,W,R)=(61.45795pt, 426.79134pt, 92.18695pt)
* v-part:(T,H,B)=(71.13188pt, 702.78308pt, 71.13188pt)
* \paperwidth=597.50787pt
* \paperheight=845.04684pt
* \textwidth=426.79134pt
* \textheight=702.78308pt
* \oddsidemargin=6.2596pt
* \evensidemargin=19.91696pt
* \topmargin=-38.1381pt
* \headheight=12.0pt
* \headsep=25.0pt
* \topskip=12.0pt
* \footskip=30.0pt
* \marginparwidth=95.0pt
* \marginparsep=10.0pt
* \columnsep=10.0pt
* \skip\footins=10.8pt plus 4.0pt minus 2.0pt
* \hoffset=0.0pt
* \voffset=0.0pt
* \mag=1000
* \@twocolumnfalse
* \@twosidetrue
* \@mparswitchtrue
* \@reversemarginfalse
* (1in=72.27pt=25.4mm, 1cm=28.453pt)

Package biblatex Info: Input encoding 'utf8' detected.
Package biblatex Info: Automatic encoding selection.
(biblatex)             Assuming data encoding 'utf8'.
\openout3 = `main.bcf'.

Package biblatex Info: Trying to load bibliographic data...
Package biblatex Info: ... file 'main.bbl' not found.
No file main.bbl.
Package biblatex Info: Reference section=0 on input line 49.
Package biblatex Info: Reference segment=0 on input line 49.
(./titlepage.tex [1

{/var/lib/texmf/fonts/map/pdftex/updmap/pdftex.map}])
(./main.toc
LaTeX Font Info:    External font `cmex10' loaded for size
(Font)              <12> on input line 25.
LaTeX Font Info:    External font `cmex10' loaded for size
(Font)              <8> on input line 25.
LaTeX Font Info:    External font `cmex10' loaded for size
(Font)              <6> on input line 25.
)
\tf@toc=\write4
\openout4 = `main.toc'.

 [2

] (./main.lof)
\tf@lof=\write5
\openout5 = `main.lof'.

 [3

]
Kapitola 1.
(./chapters/uvod.tex) [4

]
Kapitola 2.
(./chapters/ciele_prace.tex
LaTeX Font Info:    Try loading font information for OMS+cmr on input line 4.

(/usr/share/texlive/texmf-dist/tex/latex/base/omscmr.fd
File: omscmr.fd 2014/09/29 v2.5h Standard LaTeX font definitions
)
LaTeX Font Info:    Font shape `OMS/cmr/m/n' in size <12> not available
(Font)              Font shape `OMS/cmsy/m/n' tried instead on input line 4.
) [5

]
Kapitola 3.
(./chapters/topologia_siete.tex
<images/general_logicka_topologia.PNG, id=22, 578.16pt x 378.66469pt>
File: images/general_logicka_topologia.PNG Graphic file (type png)

<use images/general_logicka_topologia.PNG>
Package pdftex.def Info: images/general_logicka_topologia.PNG used on input lin
e 8.
(pdftex.def)             Requested size: 289.07928pt x 189.33188pt.
) [6

 <./images/general_logicka_topologia.PNG>]
Kapitola 4.
(./chapters/linux.tex
LaTeX Font Info:    Try loading font information for OML+cmr on input line 7.
 (/usr/share/texlive/texmf-dist/tex/latex/base/omlcmr.fd
File: omlcmr.fd 2014/09/29 v2.5h Standard LaTeX font definitions
)
LaTeX Font Info:    Font shape `OML/cmr/m/n' in size <12> not available
(Font)              Font shape `OML/cmm/m/it' tried instead on input line 7.

Overfull \hbox (9.45137pt too wide) in paragraph at lines 16--17
 [] \OT1/cmr/m/n/12 Po na-sta-ven^^S^^P virtu^^Salky sme ju spus-tili. []Dalej 
sme po-stu-po-vali v ^^Tstandardnej in^^Tstal^^Saci^^S^^P
 []

[7

]
Overfull \hbox (2.9433pt too wide) in paragraph at lines 27--28
\OT1/cmr/m/n/12 van^^Se na sieti. IP ad-resa DHCP ser-vera sa do kon-fi-gura^^T
cn^^Seho s^^Suboru ``/etc/default/isc-
 []

LaTeX Font Info:    Try loading font information for OT1+qcr on input line 30.
(/usr/share/texmf/tex/latex/tex-gyre/ot1qcr.fd
File: ot1qcr.fd 2009/09/25 v1.2 font definition file for OT1/qcr
)
Overfull \hbox (194.06694pt too wide) in paragraph at lines 57--57
[]\OT1/cmtt/m/n/10.95 #Pocuvame DHCP REQUESTY na vlane 20 pre desktopy, ale aj 
na vlane 10, aby sme mohli REQUEST poslat na server[] 
 []


Overfull \hbox (10.82634pt too wide) in paragraph at lines 65--66
\OT1/cmr/m/n/12 n^^Sazve stroja (host-name) a n^^Sazve dom^^Seny v is-tej dis-t
ri-bu-ova-nej da-tab^^Saze v po^^Tc^^S^^Pta^^Tcov^^Sych
 []

[8]
Overfull \hbox (10.98651pt too wide) in paragraph at lines 67--68
\OT1/cmr/m/n/12 men^^Sa stro-jov a dom^^Sen pri pou^^Tzit^^S^^P napr. v URL a e
-mailovej ad-rese (ob-zvl^^Sa^^Tst[] nepr^^S^^Pjemn^^Se
 []


Overfull \hbox (96.03806pt too wide) in paragraph at lines 73--74
\OT1/cmr/m/n/12 DNS ser-ve-rov), ``/etc/bind/master/db.sos3.local'' (view-lok^^
Salny), ``/etc/bind/master/db.sos3.external''
 []


Overfull \hbox (6.80556pt too wide) in paragraph at lines 73--74
\OT1/cmr/m/n/12 (view-verejn^^Sy), ``/etc/bind/named.conf.local'' (de-fi-no-va-
nie lok^^Salnych a ve-rejn^^Sych DNS
 []


Overfull \hbox (17.24026pt too wide) in paragraph at lines 97--98
 [] \OT1/cmr/m/n/12 Viewy sme na-sta-vo-vali na Mas-ter DNS ser-veri s^^Subormi
 ``/etc/bind/named.conf.local'',
 []


Overfull \hbox (114.86296pt too wide) in paragraph at lines 97--98
\OT1/cmr/m/n/12 n^^Sa^^Tsho DNS zvonku sa pou^^Tzij^^Su ve-rejn^^Se adersy DNS 
ser-ve-rov zo s^^Suboru ``/etc/bind/master/db.sos3.external''.
 []


Overfull \hbox (59.57872pt too wide) in paragraph at lines 99--100
\OT1/cmr/m/n/12 Pre-klad host-name n^^Sazvov na IP ad-resy je de-fi-no-van^^Sy 
v s^^Subore ``/etc/bind/master/db.sos3.local''. 
 []

[9]
Underfull \hbox (badness 10000) in paragraph at lines 103--110

 []


Underfull \hbox (badness 10000) in paragraph at lines 103--110

 []

<images/linux_master_external.jpeg, id=40, 542.025pt x 301.125pt>
File: images/linux_master_external.jpeg Graphic file (type jpg)

<use images/linux_master_external.jpeg>
Package pdftex.def Info: images/linux_master_external.jpeg used on input line 1
13.
(pdftex.def)             Requested size: 428.19505pt x 237.88612pt.

Overfull \hbox (1.40372pt too wide) in paragraph at lines 113--114
 [][] 
 []

<images/linux_master_local.jpeg, id=41, 542.025pt x 301.125pt>
File: images/linux_master_local.jpeg Graphic file (type jpg)

<use images/linux_master_local.jpeg>
Package pdftex.def Info: images/linux_master_local.jpeg used on input line 120.

(pdftex.def)             Requested size: 428.19505pt x 237.88612pt.

Overfull \hbox (1.40372pt too wide) in paragraph at lines 120--121
 [][] 
 []

<images/linux_dns_views.jpeg, id=42, 542.025pt x 301.125pt>
File: images/linux_dns_views.jpeg Graphic file (type jpg)

<use images/linux_dns_views.jpeg>
Package pdftex.def Info: images/linux_dns_views.jpeg used on input line 127.
(pdftex.def)             Requested size: 428.19505pt x 237.88612pt.

Overfull \hbox (1.40372pt too wide) in paragraph at lines 127--128
 [][] 
 []

<images/linux_named_options.jpeg, id=43, 542.025pt x 301.125pt>
File: images/linux_named_options.jpeg Graphic file (type jpg)

<use images/linux_named_options.jpeg>
Package pdftex.def Info: images/linux_named_options.jpeg used on input line 134
.
(pdftex.def)             Requested size: 428.19505pt x 237.88612pt.

Overfull \hbox (1.40372pt too wide) in paragraph at lines 134--135
 [][] 
 []

[10 <./images/linux_master_external.jpeg>] [11 <./images/linux_master_local.jpe
g> <./images/linux_dns_views.jpeg>] [12 <./images/linux_named_options.jpeg>]
<images/linux_dhcp.jpeg, id=53, 542.025pt x 301.125pt>
File: images/linux_dhcp.jpeg Graphic file (type jpg)

<use images/linux_dhcp.jpeg>
Package pdftex.def Info: images/linux_dhcp.jpeg used on input line 148.
(pdftex.def)             Requested size: 428.19505pt x 237.88612pt.

Overfull \hbox (1.40372pt too wide) in paragraph at lines 148--149
 [][] 
 []

[13

 <./images/linux_dhcp.jpeg>]
<images/linux_ntp_konfiguracia_server.jpeg, id=58, 542.025pt x 301.125pt>
File: images/linux_ntp_konfiguracia_server.jpeg Graphic file (type jpg)

<use images/linux_ntp_konfiguracia_server.jpeg>
Package pdftex.def Info: images/linux_ntp_konfiguracia_server.jpeg used on inpu
t line 159.
(pdftex.def)             Requested size: 428.19505pt x 237.88612pt.

Overfull \hbox (1.40372pt too wide) in paragraph at lines 159--160
 [][] 
 []

<images/linux_ntp_konfiguracia_klient.jpeg, id=59, 542.025pt x 301.125pt>
File: images/linux_ntp_konfiguracia_klient.jpeg Graphic file (type jpg)

<use images/linux_ntp_konfiguracia_klient.jpeg>
Package pdftex.def Info: images/linux_ntp_konfiguracia_klient.jpeg used on inpu
t line 166.
(pdftex.def)             Requested size: 428.19505pt x 237.88612pt.

Overfull \hbox (1.40372pt too wide) in paragraph at lines 166--167
 [][] 
 []

<images/linux_ntp_1.png, id=60, 542.025pt x 301.125pt>
File: images/linux_ntp_1.png Graphic file (type png)

<use images/linux_ntp_1.png>
Package pdftex.def Info: images/linux_ntp_1.png used on input line 173.
(pdftex.def)             Requested size: 428.19505pt x 237.88612pt.

Overfull \hbox (1.40372pt too wide) in paragraph at lines 173--174
 [][] 
 []

<images/linux_ntp_2.png, id=61, 542.025pt x 301.125pt>
File: images/linux_ntp_2.png Graphic file (type png)

<use images/linux_ntp_2.png>
Package pdftex.def Info: images/linux_ntp_2.png used on input line 180.
(pdftex.def)             Requested size: 428.19505pt x 237.88612pt.

Overfull \hbox (1.40372pt too wide) in paragraph at lines 180--181
 [][] 
 []

[14 <./images/linux_ntp_konfiguracia_server.jpeg> <./images/linux_ntp_konfigura
cia_klient.jpeg>]
Underfull \vbox (badness 1946) has occurred while \output is active []

 [15 <./images/linux_ntp_1.png> <./images/linux_ntp_2.png>]
Overfull \hbox (31.38031pt too wide) in paragraph at lines 195--196
\OT1/cmr/m/n/12 dlai cestu k ad-re-saru ked uz Do-cu-men-tRoot /var/www/web1 a 
Ser-ver-Name web1.sos3.local 
 []


Underfull \hbox (badness 10000) in paragraph at lines 197--198

 []


Overfull \hbox (22.24596pt too wide) in paragraph at lines 224--225
\OT1/cmr/m/n/12 od-zi-po-vali tento s^^Subor pr^^S^^Pkazom ``un-zip Jo-omla[]3.
6.0-Stable-Full[]Package.zip'' . N^^Sasledne
 []


Overfull \hbox (5.59108pt too wide) in paragraph at lines 224--225
\OT1/cmr/m/n/12 sme v pre-hliada^^Tci ot-vo-rili web1.sos3.local a podl[]a pr^^
S^^Pslu^^Tsn^^Sych kro-kov sme nain^^Tstalovali
 []


Overfull \hbox (250.8059pt too wide) in paragraph at lines 228--229
 [] \OT1/cmr/m/n/12 V prie^^Tcinku var/www/web1 sme stiahli Wi-ki-me-dia po-mo-
cou pr^^S^^Pkazu ``wget https://www.mediawiki.org/wiki/Download/mediawiki-
 []


Overfull \hbox (4.88196pt too wide) in paragraph at lines 228--229
\OT1/cmr/m/n/12 1.2.8.zip'' . N^^Sasledne sme od-zi-po-vali tento s^^Subor pr^^
S^^Pkazom ``un-zip mediawiki-1.2.8.zip''
 []

<images/linux_web1_konfiguracia.jpeg, id=68, 542.025pt x 301.125pt>
File: images/linux_web1_konfiguracia.jpeg Graphic file (type jpg)

<use images/linux_web1_konfiguracia.jpeg>
Package pdftex.def Info: images/linux_web1_konfiguracia.jpeg used on input line
 232.
(pdftex.def)             Requested size: 428.19505pt x 237.88612pt.

Overfull \hbox (1.40372pt too wide) in paragraph at lines 232--233
 [][] 
 []

<images/linux_web_konfiguraky_webstranok.png, id=69, 444.15938pt x 60.225pt>
File: images/linux_web_konfiguraky_webstranok.png Graphic file (type png)

<use images/linux_web_konfiguraky_webstranok.png>
Package pdftex.def Info: images/linux_web_konfiguraky_webstranok.png used on in
put line 239.
(pdftex.def)             Requested size: 430.83406pt x 58.41815pt.

Overfull \hbox (4.04272pt too wide) in paragraph at lines 239--240
 [][] 
 []

[16]
Overfull \hbox (9.22948pt too wide) in paragraph at lines 248--249
\OT1/cmr/m/n/12 sme in^^Tstal^^Saciou kde sme na-sta-vili host-name sos3.local.
 N^^Sasledne sme mu-seli re^^Tstartovat[]
 []


Underfull \hbox (badness 10000) in paragraph at lines 248--249

 []


Underfull \hbox (badness 10000) in paragraph at lines 256--259

 []

[17 <./images/linux_web1_konfiguracia.jpeg> <./images/linux_web_konfiguraky_web
stranok.png>]
Overfull \hbox (4.36024pt too wide) in paragraph at lines 456--456
[]\OT1/cmtt/m/n/10.95 #FW CONNTRACK - nastav sledovanie aktivnych pripojeni ini
cializovanych z FW[] 
 []


Overfull \hbox (61.84712pt too wide) in paragraph at lines 456--456
[]\OT1/cmtt/m/n/10.95 $I -A FORWARD -i eth0 -o eth1.10 -m conntrack --ctstate E
STABLISHED,RELATED -j ACCEPT[] 
 []


Overfull \hbox (61.84712pt too wide) in paragraph at lines 456--456
[]\OT1/cmtt/m/n/10.95 $I -A FORWARD -i eth0 -o eth1.20 -m conntrack --ctstate E
STABLISHED,RELATED -j ACCEPT[] 
 []


Overfull \hbox (44.60106pt too wide) in paragraph at lines 456--456
[]\OT1/cmtt/m/n/10.95 #a co s druhou ipckou? treba na nu tiez prekladat? mozme 
pridat aj nat na druhu ip[] 
 []


Underfull \vbox (badness 10000) has occurred while \output is active []

 [18]
Underfull \vbox (badness 10000) has occurred while \output is active []

 [19]
Overfull \hbox (4.36024pt too wide) in paragraph at lines 456--456
[]\OT1/cmtt/m/n/10.95 $I -A FORWARD -i eth0 -o eth1.10 -d 192.168.0.2 -p udp --
dport 53 -j ACCEPT[] 
 []


Overfull \hbox (4.36024pt too wide) in paragraph at lines 456--456
[]\OT1/cmtt/m/n/10.95 $I -A FORWARD -i eth0 -o eth1.10 -d 192.168.0.3 -p udp --
dport 53 -j ACCEPT[] 
 []


Underfull \vbox (badness 10000) has occurred while \output is active []

 [20]
Overfull \hbox (38.85237pt too wide) in paragraph at lines 456--456
[]\OT1/cmtt/m/n/10.95 $I -t nat -A PREROUTING -p tcp --dport 25 -j DNAT --to-de
stination 192.168.0.3:25[] 
 []

[21]) [22]
Kapitola 5.
(./chapters/windows.tex
<images/win_priprava.png, id=92, 1445.4pt x 803.25093pt>
File: images/win_priprava.png Graphic file (type png)

<use images/win_priprava.png>
Package pdftex.def Info: images/win_priprava.png used on input line 13.
(pdftex.def)             Requested size: 433.62335pt x 240.97713pt.

Overfull \hbox (6.83202pt too wide) in paragraph at lines 13--14
 [][] 
 []

<images/win_priprava_2.png, id=93, 593.21625pt x 420.82219pt>
File: images/win_priprava_2.png Graphic file (type png)

<use images/win_priprava_2.png>
Package pdftex.def Info: images/win_priprava_2.png used on input line 20.
(pdftex.def)             Requested size: 415.24854pt x 294.57352pt.

<images/win_priprava_3.png, id=94, 593.21625pt x 421.575pt>
File: images/win_priprava_3.png Graphic file (type png)

<use images/win_priprava_3.png>
Package pdftex.def Info: images/win_priprava_3.png used on input line 27.
(pdftex.def)             Requested size: 415.24854pt x 295.10048pt.

<images/win_priprava_4.png, id=95, 593.21625pt x 421.575pt>
File: images/win_priprava_4.png Graphic file (type png)

<use images/win_priprava_4.png>
Package pdftex.def Info: images/win_priprava_4.png used on input line 34.
(pdftex.def)             Requested size: 415.24854pt x 295.10048pt.
 [23

] [24 <./images/win_priprava.png> <./images/win_priprava_2.png>] [25 <./images/
win_priprava_3.png> <./images/win_priprava_4.png>] <images/win_dns_win_zaznamy.
png, id=106, 633.86812pt x 351.56343pt>
File: images/win_dns_win_zaznamy.png Graphic file (type png)

<use images/win_dns_win_zaznamy.png>
Package pdftex.def Info: images/win_dns_win_zaznamy.png used on input line 55.
(pdftex.def)             Requested size: 443.70467pt x 246.09271pt.

Overfull \hbox (16.91333pt too wide) in paragraph at lines 55--56
 [][] 
 []

[26

]
Underfull \hbox (badness 10000) in paragraph at lines 64--69

 []

<images/win_dhcp_win_pool.png, id=110, 700.11563pt x 416.30531pt>
File: images/win_dhcp_win_pool.png Graphic file (type png)

<use images/win_dhcp_win_pool.png>
Package pdftex.def Info: images/win_dhcp_win_pool.png used on input line 78.
(pdftex.def)             Requested size: 420.07262pt x 249.78511pt.
 [27 <./images/win_dns_win_zaznamy.png>]
Underfull \hbox (badness 10000) in paragraph at lines 88--92

 []

[28 <./images/win_dhcp_win_pool.png>]
<images/win_iis_web_server.png, id=117, 386.94562pt x 417.05812pt>
File: images/win_iis_web_server.png Graphic file (type png)

<use images/win_iis_web_server.png>
Package pdftex.def Info: images/win_iis_web_server.png used on input line 104.
(pdftex.def)             Requested size: 305.68369pt x 329.4723pt.

<images/win_iis_web2.png, id=118, 1073.51062pt x 581.17125pt>
File: images/win_iis_web2.png Graphic file (type png)

<use images/win_iis_web2.png>
Package pdftex.def Info: images/win_iis_web2.png used on input line 111.
(pdftex.def)             Requested size: 536.754pt x 290.58492pt.

Overfull \hbox (109.96266pt too wide) in paragraph at lines 111--112
 [][] 
 []

<images/win_iis_web1_web2.png, id=119, 1374.63562pt x 617.30624pt>
File: images/win_iis_web1_web2.png Graphic file (type png)

<use images/win_iis_web1_web2.png>
Package pdftex.def Info: images/win_iis_web1_web2.png used on input line 118.
(pdftex.def)             Requested size: 549.84451pt x 246.91812pt.

Overfull \hbox (123.05318pt too wide) in paragraph at lines 118--119
 [][] 
 []

[29 <./images/win_iis_web_server.png>]
Overfull \hbox (17.34859pt too wide) in paragraph at lines 127--128
\OT1/cmr/m/n/12 hnut^^Seho bal^^S^^P^^Tcka, za-klik-neme web mail ser-vice(serv
er). V na-sle-duj^^Sucich kro-koch nap^^S^^P^^Tseme
 []


Overfull \hbox (0.98628pt too wide) in paragraph at lines 127--128
\OT1/cmr/m/n/12 do Do-main Name: sos3.local a DNS host: 192.168.0.2 a smtp port
: 25. Po^^Tcas in^^Tstal^^Sacie
 []


Underfull \vbox (badness 2189) has occurred while \output is active []

 [30 <./images/win_iis_web2.png> <./images/win_iis_web1_web2.png>]
<images/win_mail_server.png, id=126, 342.5297pt x 176.91093pt>
File: images/win_mail_server.png Graphic file (type png)

<use images/win_mail_server.png>
Package pdftex.def Info: images/win_mail_server.png used on input line 131.
(pdftex.def)             Requested size: 270.59549pt x 139.75809pt.

<images/win_iis_remote_access.png, id=127, 167.87718pt x 27.85406pt>
File: images/win_iis_remote_access.png Graphic file (type png)

<use images/win_iis_remote_access.png>
Package pdftex.def Info: images/win_iis_remote_access.png used on input line 14
2.
(pdftex.def)             Requested size: 132.62152pt x 22.00444pt.
) [31 <./images/win_mail_server.png> <./images/win_iis_remote_access.png>]
Kapitola 6.
(./chapters/zaver.tex)

LaTeX Warning: Empty bibliography on input line 80.

[32

] (./main.aux)

LaTeX Warning: There were multiply-defined labels.

Package logreq Info: Writing requests to 'main.run.xml'.
\openout1 = `main.run.xml'.

 ) 
Here is how much of TeX's memory you used:
 9453 strings out of 493105
 156033 string characters out of 6137072
 555079 words of memory out of 5000000
 12736 multiletter control sequences out of 15000+600000
 9915 words of font info for 35 fonts, out of 8000000 for 9000
 1141 hyphenation exceptions out of 8191
 37i,10n,43p,960b,1514s stack positions out of 5000i,500n,10000p,200000b,80000s
</usr/share/texlive/texmf-dist/fonts/type1/public/amsfonts/cm/cmbx12.pfb></us
r/share/texlive/texmf-dist/fonts/type1/public/amsfonts/cm/cmmi12.pfb></usr/shar
e/texlive/texmf-dist/fonts/type1/public/amsfonts/cm/cmr12.pfb></usr/share/texli
ve/texmf-dist/fonts/type1/public/amsfonts/cm/cmr17.pfb></usr/share/texlive/texm
f-dist/fonts/type1/public/amsfonts/cm/cmsy10.pfb></usr/share/texlive/texmf-dist
/fonts/type1/public/amsfonts/cm/cmtt10.pfb>
Output written on main.pdf (32 pages, 1240031 bytes).
PDF statistics:
 156 PDF objects out of 1000 (max. 8388607)
 91 compressed objects within 1 object stream
 0 named destinations out of 1000 (max. 500000)
 116 words of extra memory for PDF output out of 10000 (max. 10000000)

